[-0.349, -0.482, -0.841]:[0.0, 0.0, 0.0]	1:HN; 2:N; r: 1.0302456017862924; eng: 0.7006053539151089 kJ/mol
[0.0, 0.0, 0.0]:[1.46, -0.014, -0.029]	2:N; 4:CA; r: 1.460355093804243; eng: 1.1487920883282468 kJ/mol
[0.0, 0.0, 0.0]:[-0.562, 0.921, 0.043]	2:N; 3:H; r: 1.0797842377067746; eng: 9.046794331156292 kJ/mol
[1.46, -0.014, -0.029]:[2.016, 1.389, 0.007]	4:CA; 10:C; r: 1.5095830550188354; eng: 0.0002422332813199058 kJ/mol
[1.46, -0.014, -0.029]:[1.826, -0.536, 0.875]	4:CA; 5:HA; r: 1.106189857122185; eng: 0.5098188921416961 kJ/mol
[1.46, -0.014, -0.029]:[1.893, -0.796, -1.282]	4:CA; 6:CB; r: 1.5391627594247468; eng: 0.7427672021565815 kJ/mol
[1.893, -0.796, -1.282]:[2.993, -0.866, -1.364]	6:CB; 7:HB3; r: 1.1052710074909229; eng: 0.4344293290414849 kJ/mol
[1.893, -0.796, -1.282]:[1.508, -1.833, -1.273]	6:CB; 8:HB1; r: 1.1061984451263704; eng: 0.4828621240669558 kJ/mol
[1.893, -0.796, -1.282]:[1.527, -0.324, -2.215]	6:CB; 9:HB2; r: 1.107803682969144; eng: 0.5727388643483761 kJ/mol
[2.016, 1.389, 0.007]:[1.283, 2.383, 0.066]	10:C; 11:O; r: 1.2364489475914484; eng: 0.18795104390224132 kJ/mol
[2.016, 1.389, 0.007]:[3.35, 1.363, -0.159]	10:C; 12:N; r: 1.3445400700611343; eng: 0.09554346395072884 kJ/mol
[3.35, 1.363, -0.159]:[4.027, 2.657, -0.146]	12:N; 14:CA; r: 1.4604567778609543; eng: 1.1571512360708205 kJ/mol
[3.35, 1.363, -0.159]:[3.8970000000000002, 0.43199999999999994, -0.17]	12:N; 13:H; r: 1.0798569349687024; eng: 9.06596752848342 kJ/mol
[4.027, 2.657, -0.146]:[5.527, 2.483, -0.149]	14:CA; 20:C; r: 1.510061257035621; eng: 0.0010104422762392102 kJ/mol
[4.027, 2.657, -0.146]:[3.758, 3.206, -1.068]	14:CA; 15:HA; r: 1.106275734163956; eng: 0.5145529185158928 kJ/mol
[4.027, 2.657, -0.146]:[3.519, 3.435, 1.081]	14:CA; 16:CB; r: 1.5391156551734506; eng: 0.7399382307899253 kJ/mol
[3.519, 3.435, 1.081]:[3.975, 4.4399999999999995, 1.148]	16:CB; 17:HB3; r: 1.1056446083620173; eng: 0.4536317754738357 kJ/mol
[3.519, 3.435, 1.081]:[2.423, 3.587, 1.047]	16:CB; 18:HB1; r: 1.107012195054779; eng: 0.5274656162954197 kJ/mol
[3.519, 3.435, 1.081]:[3.744, 2.911, 2.0300000000000002]	16:CB; 19:HB2; r: 1.1071594284474124; eng: 0.5357462883538476 kJ/mol
[5.527, 2.483, -0.149]:[6.057, 1.3659999999999999, -0.17300000000000001]	20:C; 21:O; r: 1.2365941128761695; eng: 0.19413616463172106 kJ/mol
Lennard-Jones energy: -0.004070152577116415
Electrostatic energy: 0.4146635002707344
Harmonic bond energy: 27.112145127180153
Harmonic angle energy: 1.6630557089579268
Periodic torsional energy: 6.291718675659203
Energy: 35.4775128594909 kJ/mol
