[-0.349, -0.482, -0.841]:[0.0, 0.0, 0.0]	1:HN; 2:N; r: 0.10302456017862925; eng: 0.7006053539151089 kJ/mol
[0.0, 0.0, 0.0]:[1.46, -0.014, -0.029]	2:N; 4:CA; r: 0.1460355093804243; eng: 1.1487920883282468 kJ/mol
[0.0, 0.0, 0.0]:[-0.562, 0.921, 0.043]	2:N; 3:H; r: 0.10797842377067746; eng: 9.046794331156292 kJ/mol
[1.46, -0.014, -0.029]:[2.016, 1.389, 0.007]	4:CA; 10:C; r: 0.15095830550188355; eng: 0.0002422332813199058 kJ/mol
[1.46, -0.014, -0.029]:[1.826, -0.536, 0.875]	4:CA; 5:HA; r: 0.11061898571221851; eng: 0.5098188921416961 kJ/mol
[1.46, -0.014, -0.029]:[1.893, -0.796, -1.282]	4:CA; 6:CB; r: 0.15391627594247467; eng: 0.7427672021565815 kJ/mol
[1.893, -0.796, -1.282]:[2.993, -0.866, -1.364]	6:CB; 7:HB3; r: 0.11052710074909229; eng: 0.4344293290414849 kJ/mol
[1.893, -0.796, -1.282]:[1.508, -1.833, -1.273]	6:CB; 8:HB1; r: 0.11061984451263705; eng: 0.4828621240669558 kJ/mol
[1.893, -0.796, -1.282]:[1.527, -0.324, -2.215]	6:CB; 9:HB2; r: 0.1107803682969144; eng: 0.5727388643483761 kJ/mol
[2.016, 1.389, 0.007]:[1.283, 2.383, 0.066]	10:C; 11:O; r: 0.12364489475914485; eng: 0.18795104390224132 kJ/mol
[2.016, 1.389, 0.007]:[3.35, 1.363, -0.159]	10:C; 12:N; r: 0.13445400700611343; eng: 0.09554346395072884 kJ/mol
[3.35, 1.363, -0.159]:[4.027, 2.657, -0.146]	12:N; 14:CA; r: 0.14604567778609542; eng: 1.1571512360708205 kJ/mol
[3.35, 1.363, -0.159]:[3.8970000000000002, 0.43199999999999994, -0.17]	12:N; 13:H; r: 0.10798569349687025; eng: 9.06596752848342 kJ/mol
[4.027, 2.657, -0.146]:[5.527, 2.483, -0.149]	14:CA; 20:C; r: 0.15100612570356212; eng: 0.0010104422762392102 kJ/mol
[4.027, 2.657, -0.146]:[3.758, 3.206, -1.068]	14:CA; 15:HA; r: 0.1106275734163956; eng: 0.5145529185158928 kJ/mol
[4.027, 2.657, -0.146]:[3.519, 3.435, 1.081]	14:CA; 16:CB; r: 0.15391156551734506; eng: 0.7399382307899253 kJ/mol
[3.519, 3.435, 1.081]:[3.975, 4.4399999999999995, 1.148]	16:CB; 17:HB3; r: 0.11056446083620174; eng: 0.4536317754738357 kJ/mol
[3.519, 3.435, 1.081]:[2.423, 3.587, 1.047]	16:CB; 18:HB1; r: 0.11070121950547791; eng: 0.5274656162954197 kJ/mol
[3.519, 3.435, 1.081]:[3.744, 2.911, 2.0300000000000002]	16:CB; 19:HB2; r: 0.11071594284474123; eng: 0.5357462883538476 kJ/mol
[5.527, 2.483, -0.149]:[6.057, 1.3659999999999999, -0.17300000000000001]	20:C; 21:O; r: 0.12365941128761695; eng: 0.19413616463172106 kJ/mol
[5.527, 2.483, -0.149]:[6.2139999999999995, 3.619, -0.246]	20:C; 22:N; r: 0.1331117575573247; eng: 0.7470787019835593 kJ/mol
[6.2139999999999995, 3.619, -0.246]:[7.6739999999999995, 3.6050000000000004, -0.275]	22:N; 24:CA; r: 0.1460355093804243; eng: 1.1487920883282468 kJ/mol
[6.2139999999999995, 3.619, -0.246]:[5.651999999999999, 4.54, -0.203]	22:N; 23:H; r: 0.10797842377067746; eng: 9.046794331156292 kJ/mol
[7.6739999999999995, 3.6050000000000004, -0.275]:[8.23, 5.008, -0.239]	24:CA; 30:C; r: 0.15095830550188355; eng: 0.0002422332813199058 kJ/mol
[7.6739999999999995, 3.6050000000000004, -0.275]:[8.04, 3.083, 0.629]	24:CA; 25:HA; r: 0.11061898571221851; eng: 0.5098188921416961 kJ/mol
[7.6739999999999995, 3.6050000000000004, -0.275]:[8.107, 2.8230000000000004, -1.528]	24:CA; 26:CB; r: 0.15391627594247467; eng: 0.7427672021565815 kJ/mol
[8.107, 2.8230000000000004, -1.528]:[9.206999999999999, 2.753, -1.61]	26:CB; 27:HB3; r: 0.11052710074909228; eng: 0.43442932904147785 kJ/mol
[8.107, 2.8230000000000004, -1.528]:[7.7219999999999995, 1.7860000000000003, -1.519]	26:CB; 28:HB1; r: 0.11061984451263707; eng: 0.4828621240669632 kJ/mol
[8.107, 2.8230000000000004, -1.528]:[7.741, 3.2950000000000004, -2.461]	26:CB; 29:HB2; r: 0.11078036829691439; eng: 0.572738864348368 kJ/mol
[8.23, 5.008, -0.239]:[7.497, 6.002000000000001, -0.18]	30:C; 31:O; r: 0.12364489475914493; eng: 0.18795104390227652 kJ/mol
[8.23, 5.008, -0.239]:[9.564, 4.982, -0.405]	30:C; 32:N; r: 0.1344540070061134; eng: 0.09554346395073593 kJ/mol
[9.564, 4.982, -0.405]:[10.241, 6.276, -0.392]	32:N; 34:CA; r: 0.14604567778609534; eng: 1.157151236070752 kJ/mol
[9.564, 4.982, -0.405]:[10.111, 4.051, -0.41600000000000004]	32:N; 33:H; r: 0.10798569349687026; eng: 9.065967528483455 kJ/mol
[10.241, 6.276, -0.392]:[11.741, 6.102, -0.395]	34:CA; 40:C; r: 0.1510061257035621; eng: 0.0010104422762386117 kJ/mol
[10.241, 6.276, -0.392]:[9.972, 6.825, -1.314]	34:CA; 35:HA; r: 0.11062757341639562; eng: 0.5145529185159005 kJ/mol
[10.241, 6.276, -0.392]:[9.733, 7.054, 0.835]	34:CA; 36:CB; r: 0.15391156551734506; eng: 0.7399382307899253 kJ/mol
[9.733, 7.054, 0.835]:[10.189, 8.059000000000001, 0.9019999999999999]	36:CB; 37:HB3; r: 0.11056446083620185; eng: 0.4536317754738934 kJ/mol
[9.733, 7.054, 0.835]:[8.637, 7.206, 0.8009999999999999]	36:CB; 38:HB1; r: 0.11070121950547791; eng: 0.5274656162954197 kJ/mol
[9.733, 7.054, 0.835]:[9.958, 6.53, 1.784]	36:CB; 39:HB2; r: 0.1107159428447412; eng: 0.535746288353832 kJ/mol
[11.741, 6.102, -0.395]:[12.271, 4.985, -0.41900000000000004]	40:C; 41:O; r: 0.12365941128761698; eng: 0.19413616463173297 kJ/mol
[11.741, 6.102, -0.395]:[12.428, 7.238, -0.492]	40:C; 42:N; r: 0.13311175755732482; eng: 0.74707870198348 kJ/mol
[12.428, 7.238, -0.492]:[13.888000000000002, 7.224, -0.521]	42:N; 44:CA; r: 0.1460355093804244; eng: 1.1487920883283151 kJ/mol
[12.428, 7.238, -0.492]:[11.866000000000001, 8.159, -0.449]	42:N; 43:H; r: 0.10797842377067744; eng: 9.046794331156256 kJ/mol
[13.888000000000002, 7.224, -0.521]:[14.444, 8.627, -0.485]	44:CA; 50:C; r: 0.15095830550188355; eng: 0.0002422332813199058 kJ/mol
[13.888000000000002, 7.224, -0.521]:[14.254000000000001, 6.702, 0.383]	44:CA; 45:HA; r: 0.11061898571221851; eng: 0.5098188921416961 kJ/mol
[13.888000000000002, 7.224, -0.521]:[14.321000000000002, 6.442, -1.774]	44:CA; 46:CB; r: 0.15391627594247467; eng: 0.7427672021565815 kJ/mol
[14.321000000000002, 6.442, -1.774]:[15.421000000000001, 6.372000000000001, -1.856]	46:CB; 47:HB3; r: 0.11052710074909228; eng: 0.43442932904147785 kJ/mol
[14.321000000000002, 6.442, -1.774]:[13.936, 5.405, -1.765]	46:CB; 48:HB1; r: 0.11061984451263712; eng: 0.4828621240669929 kJ/mol
[14.321000000000002, 6.442, -1.774]:[13.955, 6.914000000000001, -2.707]	46:CB; 49:HB2; r: 0.11078036829691447; eng: 0.5727388643484166 kJ/mol
[14.444, 8.627, -0.485]:[13.711, 9.621, -0.426]	50:C; 51:O; r: 0.12364489475914485; eng: 0.18795104390224132 kJ/mol
[14.444, 8.627, -0.485]:[15.778, 8.600999999999999, -0.651]	50:C; 52:N; r: 0.1344540070061134; eng: 0.09554346395073593 kJ/mol
[15.778, 8.600999999999999, -0.651]:[16.455000000000002, 9.895, -0.638]	52:N; 54:CA; r: 0.14604567778609553; eng: 1.157151236070912 kJ/mol
[15.778, 8.600999999999999, -0.651]:[16.325, 7.669999999999999, -0.662]	52:N; 53:H; r: 0.10798569349687018; eng: 9.065967528483236 kJ/mol
[16.455000000000002, 9.895, -0.638]:[17.955000000000002, 9.721, -0.641]	54:CA; 60:C; r: 0.1510061257035621; eng: 0.0010104422762386117 kJ/mol
[16.455000000000002, 9.895, -0.638]:[16.186, 10.443999999999999, -1.56]	54:CA; 55:HA; r: 0.11062757341639562; eng: 0.5145529185159005 kJ/mol
[16.455000000000002, 9.895, -0.638]:[15.947000000000001, 10.672999999999998, 0.589]	54:CA; 56:CB; r: 0.15391156551734503; eng: 0.7399382307899085 kJ/mol
[15.947000000000001, 10.672999999999998, 0.589]:[16.403, 11.677999999999999, 0.6559999999999999]	56:CB; 57:HB3; r: 0.11056446083620178; eng: 0.4536317754738573 kJ/mol
[15.947000000000001, 10.672999999999998, 0.589]:[14.851, 10.825, 0.5549999999999999]	56:CB; 58:HB1; r: 0.11070121950547791; eng: 0.5274656162954197 kJ/mol
[15.947000000000001, 10.672999999999998, 0.589]:[16.172, 10.149, 1.538]	56:CB; 59:HB2; r: 0.11071594284474116; eng: 0.5357462883538084 kJ/mol
[17.955000000000002, 9.721, -0.641]:[18.485, 8.604, -0.665]	60:C; 61:O; r: 0.12365941128761691; eng: 0.1941361646317032 kJ/mol
[17.955000000000002, 9.721, -0.641]:[18.642000000000003, 10.857, -0.738]	60:C; 62:N; r: 0.13311175755732474; eng: 0.7470787019835394 kJ/mol
[18.642000000000003, 10.857, -0.738]:[20.102000000000004, 10.843, -0.767]	62:N; 64:CA; r: 0.1460355093804244; eng: 1.1487920883283151 kJ/mol
[18.642000000000003, 10.857, -0.738]:[18.080000000000002, 11.777999999999999, -0.695]	62:N; 63:H; r: 0.10797842377067746; eng: 9.046794331156292 kJ/mol
[20.102000000000004, 10.843, -0.767]:[20.658, 12.245999999999999, -0.731]	64:CA; 70:C; r: 0.15095830550188333; eng: 0.0002422332813175609 kJ/mol
[20.102000000000004, 10.843, -0.767]:[20.468000000000004, 10.321, 0.137]	64:CA; 65:HA; r: 0.11061898571221851; eng: 0.5098188921416961 kJ/mol
[20.102000000000004, 10.843, -0.767]:[20.535000000000004, 10.061, -2.02]	64:CA; 66:CB; r: 0.15391627594247467; eng: 0.7427672021565815 kJ/mol
[20.535000000000004, 10.061, -2.02]:[21.635, 9.991, -2.1020000000000003]	66:CB; 67:HB3; r: 0.1105271007490921; eng: 0.43442932904138615 kJ/mol
[20.535000000000004, 10.061, -2.02]:[20.150000000000002, 9.024, -2.011]	66:CB; 68:HB1; r: 0.11061984451263718; eng: 0.4828621240670227 kJ/mol
[20.535000000000004, 10.061, -2.02]:[20.169000000000004, 10.533, -2.953]	66:CB; 69:HB2; r: 0.11078036829691439; eng: 0.572738864348368 kJ/mol
[20.658, 12.245999999999999, -0.731]:[19.925000000000004, 13.239999999999998, -0.6719999999999999]	70:C; 71:O; r: 0.12364489475914464; eng: 0.18795104390215336 kJ/mol
[20.658, 12.245999999999999, -0.731]:[21.992000000000004, 12.219999999999999, -0.897]	70:C; 72:N; r: 0.13445400700611373; eng: 0.09554346395065075 kJ/mol
[21.992000000000004, 12.219999999999999, -0.897]:[22.669000000000004, 13.514, -0.884]	72:N; 74:CA; r: 0.14604567778609542; eng: 1.1571512360708205 kJ/mol
[21.992000000000004, 12.219999999999999, -0.897]:[22.539000000000005, 11.288999999999998, -0.908]	72:N; 73:H; r: 0.10798569349687033; eng: 9.06596752848364 kJ/mol
[22.669000000000004, 13.514, -0.884]:[24.169000000000004, 13.34, -0.887]	74:CA; 80:C; r: 0.1510061257035621; eng: 0.0010104422762386117 kJ/mol
[22.669000000000004, 13.514, -0.884]:[22.400000000000006, 14.062999999999999, -1.806]	74:CA; 75:HA; r: 0.11062757341639556; eng: 0.5145529185158698 kJ/mol
[22.669000000000004, 13.514, -0.884]:[22.161000000000005, 14.291999999999998, 0.34299999999999997]	74:CA; 76:CB; r: 0.15391156551734497; eng: 0.7399382307898753 kJ/mol
[22.161000000000005, 14.291999999999998, 0.34299999999999997]:[22.617000000000004, 15.296999999999999, 0.4099999999999999]	76:CB; 77:HB3; r: 0.11056446083620185; eng: 0.4536317754738934 kJ/mol
[22.161000000000005, 14.291999999999998, 0.34299999999999997]:[21.065000000000005, 14.443999999999999, 0.30899999999999994]	76:CB; 78:HB1; r: 0.11070121950547791; eng: 0.5274656162954197 kJ/mol
[22.161000000000005, 14.291999999999998, 0.34299999999999997]:[22.386000000000003, 13.767999999999999, 1.292]	76:CB; 79:HB2; r: 0.11071594284474112; eng: 0.535746288353785 kJ/mol
[24.169000000000004, 13.34, -0.887]:[24.699000000000005, 12.222999999999999, -0.911]	80:C; 81:O; r: 0.12365941128761707; eng: 0.19413616463176872 kJ/mol
[24.169000000000004, 13.34, -0.887]:[24.856000000000005, 14.475999999999999, -0.984]	80:C; 82:N; r: 0.13311175755732474; eng: 0.7470787019835394 kJ/mol
[24.856000000000005, 14.475999999999999, -0.984]:[26.316000000000006, 14.462, -1.013]	82:N; 84:CA; r: 0.1460355093804244; eng: 1.1487920883283151 kJ/mol
[24.856000000000005, 14.475999999999999, -0.984]:[24.294000000000004, 15.396999999999998, -0.941]	82:N; 83:H; r: 0.10797842377067746; eng: 9.046794331156292 kJ/mol
[26.316000000000006, 14.462, -1.013]:[26.872000000000007, 15.864999999999998, -0.977]	84:CA; 90:C; r: 0.15095830550188347; eng: 0.00024223328131902646 kJ/mol
[26.316000000000006, 14.462, -1.013]:[26.682000000000006, 13.94, -0.10899999999999999]	84:CA; 85:HA; r: 0.1106189857122185; eng: 0.5098188921416884 kJ/mol
[26.316000000000006, 14.462, -1.013]:[26.749000000000006, 13.68, -2.266]	84:CA; 86:CB; r: 0.15391627594247467; eng: 0.7427672021565815 kJ/mol
[26.749000000000006, 13.68, -2.266]:[27.849000000000004, 13.61, -2.348]	86:CB; 87:HB3; r: 0.1105271007490921; eng: 0.43442932904138615 kJ/mol
[26.749000000000006, 13.68, -2.266]:[26.364000000000004, 12.642999999999999, -2.2569999999999997]	86:CB; 88:HB1; r: 0.11061984451263718; eng: 0.4828621240670227 kJ/mol
[26.749000000000006, 13.68, -2.266]:[26.383000000000006, 14.152, -3.199]	86:CB; 89:HB2; r: 0.11078036829691439; eng: 0.572738864348368 kJ/mol
[26.872000000000007, 15.864999999999998, -0.977]:[26.139000000000006, 16.858999999999998, -0.9179999999999999]	90:C; 91:O; r: 0.12364489475914485; eng: 0.18795104390224132 kJ/mol
[26.872000000000007, 15.864999999999998, -0.977]:[28.206000000000003, 15.838999999999999, -1.1429999999999998]	90:C; 92:N; r: 0.13445400700611304; eng: 0.09554346395082819 kJ/mol
[28.206000000000003, 15.838999999999999, -1.1429999999999998]:[28.883000000000003, 17.133, -1.13]	92:N; 94:CA; r: 0.14604567778609542; eng: 1.1571512360708205 kJ/mol
[28.206000000000003, 15.838999999999999, -1.1429999999999998]:[28.753000000000004, 14.907999999999998, -1.1539999999999997]	92:N; 93:H; r: 0.10798569349687033; eng: 9.06596752848364 kJ/mol
[28.883000000000003, 17.133, -1.13]:[30.383000000000003, 16.959, -1.1329999999999998]	94:CA; 100:C; r: 0.1510061257035621; eng: 0.0010104422762386117 kJ/mol
[28.883000000000003, 17.133, -1.13]:[28.614000000000004, 17.682, -2.0519999999999996]	94:CA; 95:HA; r: 0.11062757341639551; eng: 0.5145529185158391 kJ/mol
[28.883000000000003, 17.133, -1.13]:[28.375000000000004, 17.910999999999998, 0.0970000000000002]	94:CA; 96:CB; r: 0.15391156551734497; eng: 0.7399382307898753 kJ/mol
[28.375000000000004, 17.910999999999998, 0.0970000000000002]:[28.831000000000003, 18.915999999999997, 0.16400000000000015]	96:CB; 97:HB3; r: 0.1105644608362017; eng: 0.4536317754738141 kJ/mol
[28.375000000000004, 17.910999999999998, 0.0970000000000002]:[27.279000000000003, 18.063, 0.06300000000000017]	96:CB; 98:HB1; r: 0.11070121950547791; eng: 0.5274656162954197 kJ/mol
[28.375000000000004, 17.910999999999998, 0.0970000000000002]:[28.6, 17.387, 1.0460000000000003]	96:CB; 99:HB2; r: 0.11071594284474102; eng: 0.5357462883537302 kJ/mol
[30.383000000000003, 16.959, -1.1329999999999998]:[30.913000000000004, 15.841999999999999, -1.1569999999999998]	100:C; 101:O; r: 0.12365941128761707; eng: 0.19413616463176872 kJ/mol
Lennard-Jones energy: -1.2962884035452333
Electrostatic energy: -67.43033274595858
Harmonic bond energy: 135.7466190281747
Harmonic angle energy: 8.315278544789734
Periodic torsional energy: 59.36437067975125
Energy: 134.69964710321187 kJ/mol
