[-0.349, -0.482, -0.841]:[0.0, 0.0, 0.0]	1:HN; 2:N; r: 0.10302456017862925; eng: 0.7006053539151089 kJ/mol
[1.459, 0.058, 0.0]:[1.838, -0.429, 0.918]	4:CA; 5:HA; r: 0.11061347115066954; eng: 0.5067904902362519 kJ/mol
[1.9630487622109276, 1.3380319988664862, -0.7286006637325412]:[1.709, -0.108, -2.17]	6:CB; 7:HB1; r: 0.20574696503032508; eng: 1397.5933639717043 kJ/mol
[1.9630487622109276, 1.3380319988664862, -0.7286006637325412]:[3.143, -0.527, -1.277]	6:CB; 8:HB2; r: 0.22740648874591232; eng: 2091.9872946199844 kJ/mol
[1.9630487622109276, 1.3380319988664862, -0.7286006637325412]:[1.741, -2.143, -1.412]	6:CB; 9:CG; r: 0.35544231715909425; eng: 5643.7769138670255 kJ/mol
[1.597108895415099, 1.4766055446443258, -2.210464485512399]:[2.452, -3.093, -0.673]	9:CG; 10:CD1; r: 0.48965223045090345; eng: 22535.787302404897 kJ/mol
[1.597108895415099, 1.4766055446443258, -2.210464485512399]:[0.739, -2.563, -2.292]	9:CG; 12:CD2; r: 0.41305461954606515; eng: 13780.076514403934 kJ/mol
[2.298635524876715, 0.7649098138771105, -3.187956979071272]:[3.227, -2.783, 0.014]	10:CD1; 11:HD1; r: 0.48684754432881416; eng: 22114.045565094897 kJ/mol
[2.298635524876715, 0.7649098138771105, -3.187956979071272]:[2.158, -4.448, -0.81]	10:CD1; 14:CE1; r: 0.5731394810409367; eng: 34519.375450462765 kJ/mol
[0.5450645999381047, 2.3154784256949177, -2.5903316857182013]:[0.176, -1.837, -2.863]	12:CD2; 13:HD2; r: 0.41777546319048586; eng: 14779.394316116475 kJ/mol
[0.5450645999381047, 2.3154784256949177, -2.5903316857182013]:[0.448, -3.917, -2.428]	12:CD2; 16:CE2; r: 0.6235347659874457; eng: 42984.96144013069 kJ/mol
[1.9458768378483289, 0.8879947168842813, -4.530209345572343]:[2.702, -5.182, -0.234]	14:CE1; 15:HE1; r: 0.7474889486830456; eng: 63056.24791353663 kJ/mol
[0.19538059183937492, 2.437684767350898, -3.9317040070887703]:[-0.333, -4.227, -3.106]	16:CE2; 17:HE2; r: 0.6736393412302616; eng: 49326.46654377403 kJ/mol
[0.8963851795597241, 1.7229659141786682, -4.900163881794581]:[0.871, -6.188, -1.815]	18:CZ; 19:OH; r: 0.8491305098756481; eng: 94870.81238329658 kJ/mol
[1.9999922140480149, 0.07950620179217614, 1.4096062952554878]:[1.164, 2.442, 0.0]	21:C; 22:O; r: 0.2875282566312959; eng: 6450.269490645237 kJ/mol
[1.9999922140480149, 0.07950620179217614, 1.4096062952554878]:[3.271, 1.5339999999999998, -0.14]	21:C; 23:N; r: 0.2476346637946923; eng: 2163.115826465775 kJ/mol
[2.5098783166839103, 1.3818601349418413, 3.261209761213676]:[3.407, 3.4479999999999995, -1.028]	25:CA; 26:HA1; r: 0.4844696237366088; eng: 20991.59391968725 kJ/mol
[2.5098783166839103, 1.3818601349418413, 3.261209761213676]:[3.407, 3.4479999999999995, 0.748]	25:CA; 27:HA2; r: 0.3374905118743065; eng: 7759.8077851602975 kJ/mol
[1.3908286248704504, 1.3069479826235773, 4.272435233938351]:[5.949999999999999, 1.8899999999999997, -0.14]	28:C; 29:O; r: 0.6371465920529432; eng: 62862.80327799366 kJ/mol
[1.3908286248704504, 1.3069479826235773, 4.272435233938351]:[5.809, 4.1499999999999995, -0.25]	28:C; 30:N; r: 0.6932214907133889; eng: 53283.018876462236 kJ/mol
[-0.17240467377592594, 2.582853801361023, 5.607970331086722]:[7.7010000000000005, 3.8339999999999996, 0.638]	32:CA; 33:HA1; r: 0.939449163389311; eng: 102634.06854005039 kJ/mol
[-0.17240467377592594, 2.582853801361023, 5.607970331086722]:[7.7010000000000005, 3.8329999999999993, -1.138]	32:CA; 34:HA2; r: 1.0443250565935418; eng: 129827.05480689004 kJ/mol
[-1.5093199174946297, 2.442692042492336, 4.921117863330077]:[6.783, 6.670999999999999, -0.251]	35:C; 36:O; r: 1.0648566147128864; eng: 210863.7193645708 kJ/mol
[-1.5093199174946297, 2.442692042492336, 4.921117863330077]:[8.939, 5.944999999999999, -0.391]	35:C; 37:N; r: 1.2233239404239868; eng: 202602.42739010789 kJ/mol
[-3.207731428424095, 3.627840284967456, 3.7456030897519526]:[9.108, 7.824, -1.308]	39:CA; 40:HA; r: 1.3957933269645815; eng: 245695.9985252503 kJ/mol
[-3.9144673855113137, 4.995413944483996, 3.9897456152499546]:[9.383000000000001, 7.616999999999999, 1.782]	41:CB; 42:HB1; r: 1.3732060770942884; eng: 237813.1973274556 kJ/mol
[-3.9144673855113137, 4.995413944483996, 3.9897456152499546]:[9.362, 9.1, 0.871]	41:CB; 43:HB2; r: 1.4242148262755971; eng: 257388.27086386457 kJ/mol
[-3.9144673855113137, 4.995413944483996, 3.9897456152499546]:[7.422000000000001, 8.168, 1.045]	41:CB; 44:CG; r: 1.2134756767275978; eng: 149806.33264607794 kJ/mol
[-4.171010173364897, 5.379972541521264, 5.455466422035831]:[6.74, 7.154, 1.726]	44:CG; 45:CD1; r: 1.1666457740882687; eng: 193075.10740669057 kJ/mol
[-4.171010173364897, 5.379972541521264, 5.455466422035831]:[6.7010000000000005, 9.222, 0.479]	44:CG; 47:CD2; r: 1.2558940968533316; eng: 228044.00589304205 kJ/mol
[-3.1894732216426105, 6.074613818816072, 6.170406774989807]:[7.285, 6.315999999999999, 2.142]	45:CD1; 46:HD1; r: 1.1225013038039575; eng: 158759.83598440743 kJ/mol
[-3.1894732216426105, 6.074613818816072, 6.170406774989807]:[5.353, 7.183, 1.823]	45:CD1; 49:CE1; r: 0.9648954054007505; eng: 124745.88886571003 kJ/mol
[-5.346609235627911, 4.9905574490179285, 6.101559086084063]:[7.215, 10.006, -0.06]	47:CD2; 48:HD2; r: 1.4863159184443901; eng: 293096.7463420937 kJ/mol
[-5.346609235627911, 4.9905574490179285, 6.101559086084063]:[5.313000000000001, 9.257, 0.586]	47:CD2; 51:CE2; r: 1.2737786037188674; eng: 235401.28501221252 kJ/mol
[-3.372313452329104, 6.359132122197273, 7.519346278853338]:[4.833, 6.379, 2.324]	49:CE1; 50:HE1; r: 0.9711806553918616; eng: 114917.71772510021 kJ/mol
[-3.372313452329104, 6.359132122197273, 7.519346278853338]:[4.639, 8.235999999999999, 1.255]	49:CE1; 53:CZ; r: 1.034146075579174; eng: 146524.44524561273 kJ/mol
[-5.5346500922548385, 5.2855109515858185, 7.449468974601075]:[4.759, 10.07, 0.14]	51:CE2; 52:HE2; r: 1.3501070489662257; eng: 238016.81873141794 kJ/mol
[-5.5346500922548385, 5.2855109515858185, 7.449468974601075]:[4.639, 8.235999999999999, 1.255]	51:CE2; 53:CZ; r: 1.2271103768681293; eng: 216448.310348518 kJ/mol
[-4.546273978231803, 5.96672888704497, 8.158928474246752]:[3.5620000000000003, 8.254999999999999, 1.327]	53:CZ; 54:HZ; r: 1.0846913767043556; eng: 147142.6876431526 kJ/mol
[-3.0398108372095023, 3.4252881191212454, 2.2586746129390463]:[11.639, 6.252999999999999, -0.391]	55:C; 56:O; r: 1.5181706677126117; eng: 462608.5880959315 kJ/mol
[-3.0398108372095023, 3.4252881191212454, 2.2586746129390463]:[11.494, 8.543, -0.501]	55:C; 57:N; r: 1.5653703597448632; eng: 349996.49572096544 kJ/mol
[-2.8092770271085525, 4.55166337758579, 0.11402850238391204]:[13.354, 8.300999999999998, 0.42800000000000005]	59:CA; 60:HA; r: 1.6595409831171595; eng: 356713.8810871375 kJ/mol
[-3.4466504061677203, 5.8236047843876, -0.5089275420764787]:[13.161, 8.440999999999999, -2.665]	61:CB; 62:HB1; r: 1.6950323246829542; eng: 374281.988673111 kJ/mol
[-3.4466504061677203, 5.8236047843876, -0.5089275420764787]:[14.652999999999999, 8.229999999999999, -1.7650000000000001]	61:CB; 63:HB2; r: 1.8302070942348672; eng: 440791.5854007016 kJ/mol
[-3.4466504061677203, 5.8236047843876, -0.5089275420764787]:[13.395, 6.478999999999999, -1.767]	61:CB; 64:CG; r: 1.6901286270624576; eng: 287972.4962879612 kJ/mol
[-4.972197163814289, 5.972609855678277, -0.3213386858944294]:[14.417, 5.783999999999999, -3.076]	64:CG; 67:SD; r: 1.958480786963081; eng: 300145.49342659995 kJ/mol
[-4.972197163814289, 5.972609855678277, -0.3213386858944294]:[13.671, 6.011999999999999, -0.8029999999999999]	64:CG; 65:HG1; r: 1.8649459769490073; eng: 458762.09380189946 kJ/mol
[-4.972197163814289, 5.972609855678277, -0.3213386858944294]:[12.334999999999999, 6.220999999999999, -1.9540000000000002]	64:CG; 66:HG2; r: 1.7385808991747103; eng: 394002.5005515906 kJ/mol
[-7.220428753685598, 7.486168490375595, -0.6170242919660254]:[13.76, 3.6549999999999994, -2.123]	68:CE; 69:HE1; r: 2.1380463173732056; eng: 610810.3622583158 kJ/mol
[-7.220428753685598, 7.486168490375595, -0.6170242919660254]:[12.651, 4.174999999999999, -3.4299999999999997]	68:CE; 71:HE2; r: 2.0340854205722243; eng: 549829.3456039954 kJ/mol
[-7.220428753685598, 7.486168490375595, -0.6170242919660254]:[14.254999999999999, 3.494999999999999, -3.836]	68:CE; 70:HE3; r: 2.2079068609932486; eng: 653590.0942256118 kJ/mol
[-1.3474764144286928, 4.4468682384647344, -0.25302319368272386]:[12.425, 11.085999999999999, -0.502]	72:C; 73:O; r: 1.5291212070437874; eng: 469897.7311318107 kJ/mol
Lennard-Jones energy: -0.5418109032765808
Electrostatic energy: 18.380720272982778
Harmonic bond energy: 9862818.916501796
Harmonic angle energy: 5652.999422583643
Periodic torsional energy: 26.730203829776823
