V1: [[0.0, 0.0, 0.0]]; V2: [[1.459, 0.058, 0.0]]
V1: [[1.459, 0.058, 0.0]]; V2: [[2.05598442809603, -1.328987596415648, 1.7262698375425917e-16]]
V1: [[1.1009788863482557, -2.251489311986432, -0.13999999999999957]]; V2: [[1.6421972691149551, -3.607962187555788, -0.1399999999999994]]
V1: [[1.6421972691149551, -3.607962187555788, -0.1399999999999994]]; V2: [[3.152184225828492, -3.587952426063199, -0.13999999999999974]]
V1: [[3.673363590858838, -2.3606036290757397, -0.2500000000000002]]; V2: [[5.123248915694811, -2.188634024711248, -0.25000000000000056]]
V1: [[5.123248915694811, -2.188634024711248, -0.25000000000000056]]; V2: [[5.826269918402222, -3.5244912288136416, -0.24900000000000003]]
V1: [[4.962449528107127, -4.519868757904318, -0.3883660930490954]]; V2: [[5.495046862598984, -5.878724300608866, -0.38644428314771884]]
V1: [[5.495046862598984, -5.878724300608866, -0.38644428314771884]]; V2: [[7.005028750051428, -5.867111518923471, -0.38552620521513803]]
V1: [[7.533980414806261, -4.643324353054254, -0.4966347512719936]]; V2: [[8.980649966196662, -4.450822150096857, -0.49696782251100713]]
V1: [[8.980649966196662, -4.450822150096857, -0.49696782251100713]]; V2: [[9.70321859856809, -5.777646548631264, -0.49570807385045895]]
V1: [[0.0, 0.0, 0.0]]; V2: [[1.459, 0.058, 0.0]]
V1: [[1.459, 0.058, 0.0]]; V2: [[1.9440000000000004, 1.488, -3.4525396750851833e-16]]
V1: [[3.271000000000001, 1.534, -0.14000000000000004]]; V2: [[3.7770000000000015, 2.903999999999999, -0.14000000000000037]]
V1: [[3.7770000000000015, 2.903999999999999, -0.14000000000000037]]; V2: [[5.287000000000002, 2.9229999999999996, -0.13999999999999968]]
V1: [[5.809000000000001, 4.1499999999999995, -0.25000000000000017]]; V2: [[7.2589999999999995, 4.320999999999997, -0.24999999999999958]]
V1: [[7.2589999999999995, 4.320999999999997, -0.24999999999999958]]; V2: [[7.6310000000000064, 5.7839999999999945, -0.2510000000000008]]
V1: [[8.939000000000007, 5.94499999999999, -0.391]]; V2: [[9.453000000000014, 7.3109999999999875, -0.391000000000001]]
V1: [[9.453000000000014, 7.3109999999999875, -0.391000000000001]]; V2: [[10.96300000000002, 7.319999999999977, -0.39099999999999974]]
V1: [[11.494000000000018, 8.54299999999997, -0.501000000000001]]; V2: [[12.941000000000026, 8.732999999999967, -0.5020000000000001]]
V1: [[12.941000000000026, 8.732999999999967, -0.5020000000000001]]; V2: [[13.294000000000029, 10.201999999999959, -0.5020000000000021]]
V1: [[0.0, 0.0, 0.0]]; V2: [[1.459, 0.058, 0.0]]
V1: [[1.459, 0.058, 0.0]]; V2: [[2.0559844280960307, -1.328987596415648, 5.178809512627774e-16]]
V1: [[1.1009788863482575, -2.2514893119864343, -0.1399999999999987]]; V2: [[1.6421972691149576, -3.6079621875557892, -0.13999999999999818]]
V1: [[1.6421972691149576, -3.6079621875557892, -0.13999999999999818]]; V2: [[3.1521842258284956, -3.5879524260632003, -0.13999999999999915]]
V1: [[3.6733635908588447, -2.3606036290757415, -0.25000000000000067]]; V2: [[5.123248915694818, -2.1886340247112517, -0.25000000000000167]]
V1: [[5.123248915694818, -2.1886340247112517, -0.25000000000000167]]; V2: [[5.826269918402232, -3.524491228813645, -0.24900000000000005]]
V1: [[4.962449528107138, -4.519868757904322, -0.388366093049094]]; V2: [[5.495046862598996, -5.878724300608869, -0.38644428314771606]]
V1: [[5.495046862598996, -5.878724300608869, -0.38644428314771606]]; V2: [[7.005028750051446, -5.867111518923472, -0.38552620521513614]]
V1: [[7.533980414806275, -4.643324353054254, -0.4966347512719943]]; V2: [[8.980649966196685, -4.450822150096859, -0.4969678225110089]]
V1: [[8.980649966196685, -4.450822150096859, -0.4969678225110089]]; V2: [[9.703218598568103, -5.777646548631275, -0.49570807385045856]]
V1: [[0.0, 0.0, 0.0]]; V2: [[1.459, 0.058, 0.0]]
V1: [[1.459, 0.058, 0.0]]; V2: [[1.9440000000000008, 1.488, -6.905079350170367e-16]]
V1: [[3.2710000000000017, 1.5340000000000007, -0.1400000000000001]]; V2: [[3.777000000000002, 2.9039999999999995, -0.14000000000000073]]
V1: [[3.777000000000002, 2.9039999999999995, -0.14000000000000073]]; V2: [[5.2870000000000035, 2.923000000000002, -0.13999999999999937]]
V1: [[5.809000000000004, 4.150000000000002, -0.2500000000000004]]; V2: [[7.259000000000002, 4.3210000000000015, -0.24999999999999922]]
V1: [[7.259000000000002, 4.3210000000000015, -0.24999999999999922]]; V2: [[7.631000000000009, 5.784000000000001, -0.2510000000000016]]
V1: [[8.939000000000009, 5.9449999999999985, -0.39100000000000024]]; V2: [[9.453000000000014, 7.310999999999995, -0.391000000000002]]
V1: [[9.453000000000014, 7.310999999999995, -0.391000000000002]]; V2: [[10.963000000000024, 7.319999999999984, -0.39099999999999946]]
V1: [[11.494000000000021, 8.542999999999978, -0.5010000000000019]]; V2: [[12.941000000000033, 8.732999999999967, -0.5020000000000002]]
V1: [[12.941000000000033, 8.732999999999967, -0.5020000000000002]]; V2: [[13.294000000000043, 10.201999999999964, -0.5020000000000043]]
V1: [[0.0, 0.0, 0.0]]; V2: [[1.459, 0.058, 0.0]]
V1: [[1.459, 0.058, 0.0]]; V2: [[2.055984428096031, -1.328987596415648, 8.631349187712959e-16]]
V1: [[1.100978886348258, -2.251489311986435, -0.13999999999999785]]; V2: [[1.6421972691149587, -3.6079621875557892, -0.139999999999997]]
V1: [[1.6421972691149587, -3.6079621875557892, -0.139999999999997]]; V2: [[3.152184225828498, -3.5879524260632008, -0.13999999999999863]]
V1: [[3.673363590858847, -2.360603629075742, -0.2500000000000011]]; V2: [[5.12324891569482, -2.188634024711252, -0.2500000000000029]]
V1: [[5.12324891569482, -2.188634024711252, -0.2500000000000029]]; V2: [[5.826269918402235, -3.5244912288136474, -0.24900000000000036]]
V1: [[4.9624495281071415, -4.519868757904325, -0.38836609304909275]]; V2: [[5.495046862598996, -5.878724300608871, -0.38644428314771373]]
V1: [[5.495046862598996, -5.878724300608871, -0.38644428314771373]]; V2: [[7.005028750051446, -5.867111518923478, -0.38552620521513487]]
V1: [[7.533980414806277, -4.6433243530542665, -0.49663475127199497]]; V2: [[8.98064996619669, -4.45082215009688, -0.496967822511011]]
V1: [[8.98064996619669, -4.45082215009688, -0.496967822511011]]; V2: [[9.7032185985681, -5.7776465486312985, -0.495708073850459]]
V1: [[0.0, 0.0, 0.0]]; V2: [[1.459, 0.058, 0.0]]
V1: [[1.459, 0.058, 0.0]]; V2: [[1.9440000000000013, 1.488, -1.035761902525555e-15]]
V1: [[3.271000000000003, 1.5340000000000014, -0.14000000000000012]]; V2: [[3.7770000000000032, 2.904, -0.1400000000000011]]
V1: [[3.7770000000000032, 2.904, -0.1400000000000011]]; V2: [[5.287000000000004, 2.923000000000002, -0.13999999999999904]]
V1: [[5.809000000000007, 4.15, -0.25000000000000056]]; V2: [[7.259000000000006, 4.320999999999998, -0.24999999999999886]]
V1: [[7.259000000000006, 4.320999999999998, -0.24999999999999886]]; V2: [[7.631000000000014, 5.783999999999999, -0.25100000000000244]]
V1: [[8.939000000000014, 5.944999999999995, -0.39100000000000046]]; V2: [[9.45300000000002, 7.310999999999989, -0.3910000000000031]]
V1: [[9.45300000000002, 7.310999999999989, -0.3910000000000031]]; V2: [[10.96300000000003, 7.31999999999998, -0.39099999999999935]]
V1: [[11.494000000000023, 8.54299999999997, -0.5010000000000029]]; V2: [[12.941000000000042, 8.732999999999958, -0.5020000000000001]]
V1: [[12.941000000000042, 8.732999999999958, -0.5020000000000001]]; V2: [[13.294000000000048, 10.201999999999952, -0.5020000000000058]]
V1: [[0.0, 0.0, 0.0]]; V2: [[1.459, 0.058, 0.0]]
V1: [[1.459, 0.058, 0.0]]; V2: [[2.0559844280960315, -1.328987596415648, 1.2083888862798143e-15]]
V1: [[1.1009788863482588, -2.2514893119864365, -0.13999999999999696]]; V2: [[1.6421972691149596, -3.6079621875557906, -0.13999999999999577]]
V1: [[1.6421972691149596, -3.6079621875557906, -0.13999999999999577]]; V2: [[3.1521842258284978, -3.5879524260632025, -0.13999999999999807]]
V1: [[3.6733635908588482, -2.3606036290757455, -0.25000000000000155]]; V2: [[5.1232489156948215, -2.1886340247112566, -0.25000000000000405]]
V1: [[5.1232489156948215, -2.1886340247112566, -0.25000000000000405]]; V2: [[5.826269918402238, -3.5244912288136505, -0.2490000000000005]]
V1: [[4.962449528107147, -4.519868757904334, -0.38836609304909153]]; V2: [[5.495046862599006, -5.87872430060888, -0.3864442831477112]]
V1: [[5.495046862599006, -5.87872430060888, -0.3864442831477112]]; V2: [[7.0050287500514585, -5.867111518923482, -0.3855262052151332]]
V1: [[7.533980414806277, -4.6433243530542665, -0.4966347512719955]]; V2: [[8.980649966196696, -4.45082215009688, -0.49696782251101235]]
V1: [[8.980649966196696, -4.45082215009688, -0.49696782251101235]]; V2: [[9.703218598568101, -5.777646548631301, -0.4957080738504582]]
V1: [[0.0, 0.0, 0.0]]; V2: [[1.459, 0.058, 0.0]]
V1: [[1.459, 0.058, 0.0]]; V2: [[1.9440000000000017, 1.488, -1.3810158700340735e-15]]
V1: [[3.2710000000000035, 1.5340000000000016, -0.14000000000000015]]; V2: [[3.777000000000004, 2.9039999999999995, -0.14000000000000146]]
V1: [[3.777000000000004, 2.9039999999999995, -0.14000000000000146]]; V2: [[5.287000000000006, 2.923000000000003, -0.13999999999999874]]
V1: [[5.809000000000006, 4.150000000000002, -0.2500000000000008]]; V2: [[7.259000000000003, 4.3210000000000015, -0.24999999999999856]]
V1: [[7.259000000000003, 4.3210000000000015, -0.24999999999999856]]; V2: [[7.631000000000014, 5.7840000000000025, -0.25100000000000333]]
V1: [[8.939000000000016, 5.9449999999999985, -0.3910000000000006]]; V2: [[9.453000000000024, 7.310999999999995, -0.3910000000000042]]
V1: [[9.453000000000024, 7.310999999999995, -0.3910000000000042]]; V2: [[10.963000000000035, 7.319999999999984, -0.3909999999999992]]
V1: [[11.49400000000002, 8.54299999999998, -0.5010000000000038]]; V2: [[12.94100000000004, 8.732999999999961, -0.5019999999999998]]
V1: [[12.94100000000004, 8.732999999999961, -0.5019999999999998]]; V2: [[13.29400000000005, 10.201999999999959, -0.5020000000000076]]
V1: [[0.0, 0.0, 0.0]]; V2: [[1.459, 0.058, 0.0]]
V1: [[1.459, 0.058, 0.0]]; V2: [[2.055984428096032, -1.328987596415648, 1.5536428537883327e-15]]
V1: [[1.1009788863482597, -2.2514893119864374, -0.1399999999999961]]; V2: [[1.6421972691149604, -3.607962187555791, -0.13999999999999455]]
V1: [[1.6421972691149604, -3.607962187555791, -0.13999999999999455]]; V2: [[3.1521842258285004, -3.5879524260632047, -0.1399999999999975]]
V1: [[3.6733635908588513, -2.3606036290757486, -0.250000000000002]]; V2: [[5.123248915694822, -2.188634024711263, -0.2500000000000053]]
V1: [[5.123248915694822, -2.188634024711263, -0.2500000000000053]]; V2: [[5.826269918402238, -3.5244912288136603, -0.24900000000000075]]
V1: [[4.962449528107145, -4.5198687579043355, -0.38836609304909026]]; V2: [[5.495046862598998, -5.878724300608885, -0.38644428314770884]]
V1: [[5.495046862598998, -5.878724300608885, -0.38644428314770884]]; V2: [[7.00502875005145, -5.867111518923501, -0.3855262052151323]]
V1: [[7.533980414806278, -4.643324353054286, -0.49663475127199685]]; V2: [[8.9806499661967, -4.450822150096915, -0.49696782251101523]]
V1: [[8.9806499661967, -4.450822150096915, -0.49696782251101523]]; V2: [[9.703218598568089, -5.777646548631349, -0.4957080738504595]]
V1: [[0.0, 0.0, 0.0]]; V2: [[1.459, 0.058, 0.0]]
V1: [[1.459, 0.058, 0.0]]; V2: [[1.9440000000000022, 1.4880000000000002, -1.726269837542592e-15]]
V1: [[3.2710000000000043, 1.5340000000000016, -0.1400000000000002]]; V2: [[3.777000000000006, 2.9039999999999986, -0.14000000000000182]]
V1: [[3.777000000000006, 2.9039999999999986, -0.14000000000000182]]; V2: [[5.28700000000001, 2.923000000000002, -0.1399999999999984]]
V1: [[5.80900000000001, 4.15, -0.25000000000000094]]; V2: [[7.259000000000005, 4.320999999999998, -0.2499999999999982]]
V1: [[7.259000000000005, 4.320999999999998, -0.2499999999999982]]; V2: [[7.631000000000018, 5.783999999999999, -0.2510000000000041]]
V1: [[8.939000000000016, 5.9449999999999905, -0.3910000000000007]]; V2: [[9.453000000000031, 7.3109999999999875, -0.39100000000000523]]
V1: [[9.453000000000031, 7.3109999999999875, -0.39100000000000523]]; V2: [[10.963000000000042, 7.319999999999975, -0.3909999999999988]]
V1: [[11.49400000000003, 8.54299999999997, -0.5010000000000046]]; V2: [[12.94100000000005, 8.732999999999949, -0.5019999999999993]]
V1: [[12.94100000000005, 8.732999999999949, -0.5019999999999993]]; V2: [[13.294000000000066, 10.201999999999952, -0.502000000000009]]
V1: [[0.0, 0.0, 0.0]]; V2: [[1.459, 0.058, 0.0]]
V1: [[1.459, 0.058, 0.0]]; V2: [[2.0559844280960324, -1.3289875964156481, 1.898896821296851e-15]]
V1: [[1.1009788863482606, -2.251489311986439, -0.13999999999999524]]; V2: [[1.6421972691149613, -3.6079621875557923, -0.13999999999999335]]
V1: [[1.6421972691149613, -3.6079621875557923, -0.13999999999999335]]; V2: [[3.152184225828503, -3.587952426063206, -0.139999999999997]]
V1: [[3.6733635908588544, -2.3606036290757486, -0.2500000000000025]]; V2: [[5.123248915694824, -2.1886340247112637, -0.25000000000000655]]
V1: [[5.123248915694824, -2.1886340247112637, -0.25000000000000655]]; V2: [[5.8262699184022395, -3.5244912288136616, -0.24900000000000105]]
V1: [[4.962449528107147, -4.519868757904339, -0.388366093049089]]; V2: [[5.4950468625990005, -5.8787243006088925, -0.38644428314770646]]
V1: [[5.4950468625990005, -5.8787243006088925, -0.38644428314770646]]; V2: [[7.005028750051457, -5.867111518923508, -0.3855262052151312]]
V1: [[7.533980414806283, -4.643324353054292, -0.4966347512719979]]; V2: [[8.980649966196703, -4.450822150096926, -0.49696782251101773]]
V1: [[8.980649966196703, -4.450822150096926, -0.49696782251101773]]; V2: [[9.70321859856809, -5.7776465486313695, -0.49570807385046056]]
V1: [[0.0, 0.0, 0.0]]; V2: [[1.459, 0.058, 0.0]]
V1: [[1.459, 0.058, 0.0]]; V2: [[1.9440000000000026, 1.4880000000000004, -2.07152380505111e-15]]
V1: [[3.2710000000000057, 1.5340000000000036, -0.14000000000000024]]; V2: [[3.777000000000007, 2.904, -0.14000000000000218]]
V1: [[3.777000000000007, 2.904, -0.14000000000000218]]; V2: [[5.287000000000012, 2.923000000000005, -0.13999999999999804]]
V1: [[5.809000000000012, 4.150000000000006, -0.2500000000000011]]; V2: [[7.259000000000006, 4.321000000000005, -0.24999999999999775]]
V1: [[7.259000000000006, 4.321000000000005, -0.24999999999999775]]; V2: [[7.631000000000018, 5.78400000000001, -0.2510000000000049]]
V1: [[8.93900000000002, 5.945000000000002, -0.3910000000000007]]; V2: [[9.453000000000033, 7.311000000000002, -0.39100000000000623]]
V1: [[9.453000000000033, 7.311000000000002, -0.39100000000000623]]; V2: [[10.963000000000047, 7.319999999999995, -0.3909999999999983]]
V1: [[11.494000000000028, 8.542999999999996, -0.5010000000000052]]; V2: [[12.941000000000049, 8.732999999999976, -0.5019999999999988]]
V1: [[12.941000000000049, 8.732999999999976, -0.5019999999999988]]; V2: [[13.294000000000057, 10.201999999999982, -0.5020000000000102]]
V1: [[0.0, 0.0, 0.0]]; V2: [[1.459, 0.058, 0.0]]
V1: [[1.459, 0.058, 0.0]]; V2: [[2.055984428096033, -1.3289875964156481, 2.2441507888053694e-15]]
V1: [[1.1009788863482617, -2.2514893119864405, -0.13999999999999438]]; V2: [[1.6421972691149624, -3.6079621875557932, -0.13999999999999213]]
V1: [[1.6421972691149624, -3.6079621875557932, -0.13999999999999213]]; V2: [[3.1521842258285044, -3.587952426063209, -0.13999999999999643]]
V1: [[3.6733635908588607, -2.360603629075751, -0.250000000000003]]; V2: [[5.123248915694831, -2.1886340247112703, -0.25000000000000777]]
V1: [[5.123248915694831, -2.1886340247112703, -0.25000000000000777]]; V2: [[5.826269918402241, -3.524491228813674, -0.24900000000000125]]
V1: [[4.96244952810714, -4.51986875790435, -0.38836609304908754]]; V2: [[5.495046862598987, -5.878724300608907, -0.38644428314770396]]
V1: [[5.495046862598987, -5.878724300608907, -0.38644428314770396]]; V2: [[7.0050287500514425, -5.867111518923531, -0.3855262052151299]]
V1: [[7.533980414806274, -4.643324353054316, -0.49663475127199863]]; V2: [[8.980649966196701, -4.450822150096956, -0.4969678225110198]]
V1: [[8.980649966196701, -4.450822150096956, -0.4969678225110198]]; V2: [[9.703218598568075, -5.777646548631401, -0.4957080738504613]]
V1: [[0.0, 0.0, 0.0]]; V2: [[1.459, 0.058, 0.0]]
V1: [[1.459, 0.058, 0.0]]; V2: [[1.944000000000003, 1.4880000000000004, -2.4167777725596286e-15]]
V1: [[3.2710000000000066, 1.534000000000004, -0.1400000000000003]]; V2: [[3.7770000000000086, 2.9040000000000004, -0.14000000000000254]]
V1: [[3.7770000000000086, 2.9040000000000004, -0.14000000000000254]]; V2: [[5.287000000000013, 2.9230000000000054, -0.1399999999999977]]
V1: [[5.809000000000015, 4.150000000000007, -0.25000000000000133]]; V2: [[7.259000000000011, 4.321000000000002, -0.24999999999999736]]
V1: [[7.259000000000011, 4.321000000000002, -0.24999999999999736]]; V2: [[7.631000000000025, 5.784000000000008, -0.2510000000000056]]
V1: [[8.93900000000003, 5.944999999999999, -0.39100000000000046]]; V2: [[9.45300000000005, 7.310999999999998, -0.391000000000007]]
V1: [[9.45300000000005, 7.310999999999998, -0.391000000000007]]; V2: [[10.963000000000065, 7.319999999999986, -0.3909999999999977]]
V1: [[11.494000000000046, 8.542999999999992, -0.5010000000000058]]; V2: [[12.941000000000068, 8.732999999999972, -0.5019999999999982]]
V1: [[12.941000000000068, 8.732999999999972, -0.5019999999999982]]; V2: [[13.294000000000075, 10.20199999999998, -0.5020000000000113]]
V1: [[0.0, 0.0, 0.0]]; V2: [[1.459, 0.058, 0.0]]
V1: [[1.459, 0.058, 0.0]]; V2: [[2.0559844280960333, -1.3289875964156481, 2.589404756313888e-15]]
V1: [[1.1009788863482628, -2.2514893119864428, -0.13999999999999352]]; V2: [[1.6421972691149638, -3.607962187555796, -0.1399999999999909]]
V1: [[1.6421972691149638, -3.607962187555796, -0.1399999999999909]]; V2: [[3.1521842258285067, -3.5879524260632136, -0.13999999999999588]]
V1: [[3.673363590858867, -2.3606036290757566, -0.25000000000000355]]; V2: [[5.123248915694839, -2.18863402471128, -0.25000000000000905]]
V1: [[5.123248915694839, -2.18863402471128, -0.25000000000000905]]; V2: [[5.826269918402247, -3.524491228813688, -0.24900000000000155]]
V1: [[4.962449528107141, -4.519868757904362, -0.3883660930490862]]; V2: [[5.49504686259898, -5.878724300608923, -0.3864442831477015]]
V1: [[5.49504686259898, -5.878724300608923, -0.3864442831477015]]; V2: [[7.005028750051439, -5.86711151892356, -0.38552620521512865]]
V1: [[7.533980414806276, -4.643324353054343, -0.49663475127199963]]; V2: [[8.980649966196705, -4.450822150096992, -0.496967822511022]]
V1: [[8.980649966196705, -4.450822150096992, -0.496967822511022]]; V2: [[9.703218598568073, -5.777646548631445, -0.4957080738504618]]
V1: [[0.0, 0.0, 0.0]]; V2: [[1.459, 0.058, 0.0]]
V1: [[1.459, 0.058, 0.0]]; V2: [[1.9440000000000035, 1.4880000000000004, -2.762031740068147e-15]]
V1: [[3.271000000000008, 1.534000000000004, -0.14000000000000032]]; V2: [[3.7770000000000103, 2.9039999999999995, -0.1400000000000029]]
V1: [[3.7770000000000103, 2.9039999999999995, -0.1400000000000029]]; V2: [[5.287000000000016, 2.9230000000000054, -0.1399999999999974]]
V1: [[5.809000000000021, 4.150000000000006, -0.2500000000000016]]; V2: [[7.259000000000018, 4.321000000000001, -0.24999999999999717]]
V1: [[7.259000000000018, 4.321000000000001, -0.24999999999999717]]; V2: [[7.631000000000032, 5.784000000000007, -0.25100000000000666]]
V1: [[8.939000000000037, 5.944999999999997, -0.39100000000000085]]; V2: [[9.45300000000006, 7.310999999999994, -0.39100000000000856]]
V1: [[9.45300000000006, 7.310999999999994, -0.39100000000000856]]; V2: [[10.963000000000077, 7.319999999999976, -0.3909999999999983]]
V1: [[11.49400000000006, 8.54299999999998, -0.501000000000008]]; V2: [[12.94100000000009, 8.732999999999953, -0.5019999999999999]]
V1: [[12.94100000000009, 8.732999999999953, -0.5019999999999999]]; V2: [[13.294000000000104, 10.201999999999959, -0.5020000000000154]]
V1: [[0.0, 0.0, 0.0]]; V2: [[1.459, 0.058, 0.0]]
V1: [[1.459, 0.058, 0.0]]; V2: [[2.0559844280960338, -1.3289875964156481, 2.9346587238224063e-15]]
V1: [[1.100978886348263, -2.2514893119864428, -0.13999999999999263]]; V2: [[1.6421972691149633, -3.607962187555795, -0.13999999999998972]]
V1: [[1.6421972691149633, -3.607962187555795, -0.13999999999998972]]; V2: [[3.152184225828506, -3.587952426063215, -0.13999999999999535]]
V1: [[3.6733635908588713, -2.3606036290757606, -0.250000000000004]]; V2: [[5.1232489156948455, -2.1886340247112877, -0.2500000000000103]]
V1: [[5.1232489156948455, -2.1886340247112877, -0.2500000000000103]]; V2: [[5.826269918402248, -3.5244912288136994, -0.24900000000000191]]
V1: [[4.962449528107134, -4.519868757904368, -0.388366093049085]]; V2: [[5.495046862598966, -5.8787243006089325, -0.3864442831476993]]
V1: [[5.495046862598966, -5.8787243006089325, -0.3864442831476993]]; V2: [[7.00502875005143, -5.867111518923575, -0.3855262052151274]]
V1: [[7.5339804148062655, -4.64332435305436, -0.49663475127200046]]; V2: [[8.980649966196697, -4.450822150097016, -0.4969678225110242]]
V1: [[8.980649966196697, -4.450822150097016, -0.4969678225110242]]; V2: [[9.703218598568062, -5.777646548631474, -0.4957080738504623]]
V1: [[0.0, 0.0, 0.0]]; V2: [[1.459, 0.058, 0.0]]
V1: [[1.459, 0.058, 0.0]]; V2: [[1.944000000000004, 1.4880000000000004, -3.1072857075766655e-15]]
V1: [[3.271000000000009, 1.534000000000004, -0.14000000000000035]]; V2: [[3.777000000000012, 2.9039999999999986, -0.14000000000000326]]
V1: [[3.777000000000012, 2.9039999999999986, -0.14000000000000326]]; V2: [[5.287000000000019, 2.9230000000000063, -0.13999999999999707]]
V1: [[5.809000000000024, 4.150000000000007, -0.2500000000000018]]; V2: [[7.259000000000023, 4.3210000000000015, -0.24999999999999686]]
V1: [[7.259000000000023, 4.3210000000000015, -0.24999999999999686]]; V2: [[7.6310000000000375, 5.784000000000009, -0.2510000000000076]]
V1: [[8.939000000000044, 5.944999999999997, -0.39100000000000124]]; V2: [[9.453000000000069, 7.310999999999993, -0.39100000000001006]]
V1: [[9.453000000000069, 7.310999999999993, -0.39100000000001006]]; V2: [[10.96300000000009, 7.319999999999972, -0.39099999999999885]]
V1: [[11.494000000000078, 8.542999999999974, -0.5010000000000099]]; V2: [[12.94100000000011, 8.73299999999994, -0.5020000000000012]]
V1: [[12.94100000000011, 8.73299999999994, -0.5020000000000012]]; V2: [[13.294000000000135, 10.201999999999947, -0.502000000000019]]
V1: [[0.0, 0.0, 0.0]]; V2: [[1.459, 0.058, 0.0]]
V1: [[1.459, 0.058, 0.0]]; V2: [[2.055984428096034, -1.3289875964156481, 3.2799126913309247e-15]]
V1: [[1.1009788863482637, -2.2514893119864436, -0.13999999999999177]]; V2: [[1.642197269114964, -3.607962187555795, -0.1399999999999885]]
V1: [[1.642197269114964, -3.607962187555795, -0.1399999999999885]]; V2: [[3.152184225828509, -3.5879524260632163, -0.1399999999999948]]
V1: [[3.673363590858873, -2.3606036290757633, -0.25000000000000444]]; V2: [[5.123248915694848, -2.1886340247112948, -0.2500000000000116]]
V1: [[5.123248915694848, -2.1886340247112948, -0.2500000000000116]]; V2: [[5.826269918402248, -3.5244912288137087, -0.24900000000000214]]
V1: [[4.962449528107135, -4.519868757904373, -0.38836609304908365]]; V2: [[5.4950468625989615, -5.8787243006089405, -0.38644428314769697]]
V1: [[5.4950468625989615, -5.8787243006089405, -0.38644428314769697]]; V2: [[7.005028750051424, -5.867111518923591, -0.3855262052151263]]
V1: [[7.533980414806271, -4.643324353054376, -0.49663475127200146]]; V2: [[8.980649966196705, -4.450822150097042, -0.4969678225110267]]
V1: [[8.980649966196705, -4.450822150097042, -0.4969678225110267]]; V2: [[9.703218598568057, -5.777646548631502, -0.4957080738504632]]
V1: [[0.0, 0.0, 0.0]]; V2: [[1.459, 0.058, 0.0]]
V1: [[1.459, 0.058, 0.0]]; V2: [[1.9440000000000044, 1.4880000000000004, -3.452539675085184e-15]]
V1: [[3.2710000000000097, 1.5340000000000034, -0.1400000000000004]]; V2: [[3.7770000000000135, 2.9039999999999973, -0.14000000000000362]]
V1: [[3.7770000000000135, 2.9039999999999973, -0.14000000000000362]]; V2: [[5.287000000000021, 2.923000000000005, -0.1399999999999967]]
V1: [[5.809000000000026, 4.150000000000004, -0.2500000000000019]]; V2: [[7.259000000000025, 4.320999999999995, -0.24999999999999642]]
V1: [[7.259000000000025, 4.320999999999995, -0.24999999999999642]]; V2: [[7.6310000000000455, 5.784000000000003, -0.2510000000000083]]
V1: [[8.93900000000005, 5.9449999999999825, -0.39100000000000124]]; V2: [[9.453000000000085, 7.310999999999979, -0.391000000000011]]
V1: [[9.453000000000085, 7.310999999999979, -0.391000000000011]]; V2: [[10.963000000000108, 7.319999999999948, -0.39099999999999835]]
V1: [[11.494000000000101, 8.542999999999948, -0.5010000000000104]]; V2: [[12.941000000000134, 8.732999999999903, -0.5020000000000006]]
V1: [[12.941000000000134, 8.732999999999903, -0.5020000000000006]]; V2: [[13.294000000000164, 10.2019999999999, -0.5020000000000202]]
V1: [[0.0, 0.0, 0.0]]; V2: [[1.459, 0.058, 0.0]]
V1: [[1.459, 0.058, 0.0]]; V2: [[2.0559844280960347, -1.3289875964156481, 3.625166658839443e-15]]
V1: [[1.1009788863482641, -2.2514893119864445, -0.1399999999999909]]; V2: [[1.6421972691149642, -3.607962187555796, -0.13999999999998727]]
V1: [[1.6421972691149642, -3.607962187555796, -0.13999999999998727]]; V2: [[3.1521842258285098, -3.5879524260632185, -0.13999999999999424]]
V1: [[3.6733635908588784, -2.3606036290757664, -0.25000000000000494]]; V2: [[5.123248915694853, -2.188634024711301, -0.2500000000000128]]
V1: [[5.123248915694853, -2.188634024711301, -0.2500000000000128]]; V2: [[5.8262699184022555, -3.524491228813714, -0.24900000000000233]]
V1: [[4.962449528107146, -4.519868757904381, -0.38836609304908243]]; V2: [[5.495046862598977, -5.878724300608949, -0.3864442831476944]]
V1: [[5.495046862598977, -5.878724300608949, -0.3864442831476944]]; V2: [[7.0050287500514425, -5.867111518923592, -0.3855262052151247]]
V1: [[7.53398041480628, -4.643324353054374, -0.4966347512720021]]; V2: [[8.980649966196715, -4.450822150097034, -0.4969678225110283]]
V1: [[8.980649966196715, -4.450822150097034, -0.4969678225110283]]; V2: [[9.703218598568068, -5.777646548631489, -0.4957080738504626]]
