1:HN 	>> 3:H; 4:CA; 
2:N 	>> 5:HA; 6:CB; 10:C; 
3:H 	>> 1:HN; 4:CA; 
4:CA 	>> 1:HN; 3:H; 7:HB3; 8:HB1; 9:HB2; 11:O; 12:N; 
5:HA 	>> 2:N; 6:CB; 10:C; 
6:CB 	>> 2:N; 5:HA; 10:C; 
7:HB3 	>> 4:CA; 8:HB1; 9:HB2; 
8:HB1 	>> 4:CA; 7:HB3; 9:HB2; 
9:HB2 	>> 4:CA; 7:HB3; 8:HB1; 
10:C 	>> 2:N; 5:HA; 6:CB; 13:H; 14:CA; 
11:O 	>> 4:CA; 12:N; 
12:N 	>> 15:HA; 16:CB; 20:C; 
13:H 	>> 14:CA; 
14:CA 	>> 13:H; 17:HB3; 18:HB1; 19:HB2; 21:O; 
15:HA 	>> 12:N; 16:CB; 20:C; 
16:CB 	>> 12:N; 15:HA; 20:C; 
17:HB3 	>> 14:CA; 18:HB1; 19:HB2; 
18:HB1 	>> 14:CA; 17:HB3; 19:HB2; 
19:HB2 	>> 14:CA; 17:HB3; 18:HB1; 
20:C 	>> 12:N; 15:HA; 16:CB; 
21:O 	>> 14:CA; 
22:O1 	>> 
23:HO 	>> 
