1:HN 	>> 5:HA; 6:CB; 21:C; 
2:N 	>> 7:HB1; 8:HB2; 9:CG; 22:O; 23:N; 
3:H 	>> 5:HA; 6:CB; 21:C; 
4:CA 	>> 10:CD1; 12:CD2; 24:H; 25:CA; 
5:HA 	>> 7:HB1; 8:HB2; 9:CG; 22:O; 23:N; 
6:CB 	>> 11:HD1; 13:HD2; 14:CE1; 16:CE2; 22:O; 23:N; 
7:HB1 	>> 10:CD1; 12:CD2; 21:C; 
8:HB2 	>> 10:CD1; 12:CD2; 21:C; 
9:CG 	>> 15:HE1; 17:HE2; 18:CZ; 21:C; 
10:CD1 	>> 13:HD2; 16:CE2; 19:OH; 
11:HD1 	>> 12:CD2; 15:HE1; 18:CZ; 
12:CD2 	>> 14:CE1; 19:OH; 
13:HD2 	>> 17:HE2; 18:CZ; 
14:CE1 	>> 17:HE2; 20:HH; 
15:HE1 	>> 16:CE2; 19:OH; 
16:CE2 	>> 20:HH; 
17:HE2 	>> 19:OH; 
18:CZ 	>> 
19:OH 	>> 
20:HH 	>> 
21:C 	>> 26:HA1; 27:HA2; 28:C; 
22:O 	>> 24:H; 25:CA; 
23:N 	>> 29:O; 30:N; 
24:H 	>> 26:HA1; 27:HA2; 28:C; 
25:CA 	>> 31:H; 32:CA; 
26:HA1 	>> 29:O; 30:N; 
27:HA2 	>> 29:O; 30:N; 
28:C 	>> 33:HA1; 34:HA2; 35:C; 
29:O 	>> 31:H; 32:CA; 
30:N 	>> 36:O; 37:N; 
31:H 	>> 33:HA1; 34:HA2; 35:C; 
32:CA 	>> 38:H; 39:CA; 
33:HA1 	>> 36:O; 37:N; 
34:HA2 	>> 36:O; 37:N; 
35:C 	>> 40:HA; 41:CB; 55:C; 
36:O 	>> 38:H; 39:CA; 
37:N 	>> 42:HB1; 43:HB2; 44:CG; 56:O; 57:N; 
38:H 	>> 40:HA; 41:CB; 55:C; 
39:CA 	>> 45:CD1; 47:CD2; 58:H; 59:CA; 
40:HA 	>> 42:HB1; 43:HB2; 44:CG; 56:O; 57:N; 
41:CB 	>> 46:HD1; 48:HD2; 49:CE1; 51:CE2; 56:O; 57:N; 
42:HB1 	>> 45:CD1; 47:CD2; 55:C; 
43:HB2 	>> 45:CD1; 47:CD2; 55:C; 
44:CG 	>> 50:HE1; 52:HE2; 53:CZ; 55:C; 
45:CD1 	>> 48:HD2; 51:CE2; 54:HZ; 
46:HD1 	>> 47:CD2; 50:HE1; 53:CZ; 
47:CD2 	>> 49:CE1; 54:HZ; 
48:HD2 	>> 52:HE2; 53:CZ; 
49:CE1 	>> 52:HE2; 
50:HE1 	>> 51:CE2; 54:HZ; 
51:CE2 	>> 
52:HE2 	>> 54:HZ; 
53:CZ 	>> 
54:HZ 	>> 
55:C 	>> 60:HA; 61:CB; 72:C; 
56:O 	>> 58:H; 59:CA; 
57:N 	>> 62:HB1; 63:HB2; 64:CG; 73:O; 74:O1; 
58:H 	>> 60:HA; 61:CB; 72:C; 
59:CA 	>> 65:HG1; 66:HG2; 67:SD; 75:HO; 
60:HA 	>> 62:HB1; 63:HB2; 64:CG; 73:O; 74:O1; 
61:CB 	>> 68:CE; 73:O; 74:O1; 
62:HB1 	>> 65:HG1; 66:HG2; 67:SD; 72:C; 
63:HB2 	>> 65:HG1; 66:HG2; 67:SD; 72:C; 
64:CG 	>> 69:HE1; 70:HE3; 71:HE2; 72:C; 
65:HG1 	>> 68:CE; 
66:HG2 	>> 68:CE; 
67:SD 	>> 
68:CE 	>> 
69:HE1 	>> 
70:HE3 	>> 
71:HE2 	>> 
72:C 	>> 
73:O 	>> 75:HO; 
74:O1 	>> 
75:HO 	>> 
