1:HN 	>> 7:HB1; 20:HH; 22:O; 75:HO; 
2:N 	>> 10:CD1; 20:HH; 24:H; 75:HO; 
3:H 	>> 7:HB1; 20:HH; 22:O; 75:HO; 
4:CA 	>> 11:HD1; 13:HD2; 20:HH; 26:HA1; 75:HO; 
5:HA 	>> 10:CD1; 20:HH; 24:H; 75:HO; 
6:CB 	>> 24:H; 75:HO; 
7:HB1 	>> 11:HD1; 13:HD2; 20:HH; 22:O; 75:HO; 
8:HB2 	>> 11:HD1; 13:HD2; 20:HH; 22:O; 75:HO; 
9:CG 	>> 22:O; 75:HO; 
10:CD1 	>> 
11:HD1 	>> 
12:CD2 	>> 
13:HD2 	>> 
14:CE1 	>> 
15:HE1 	>> 
16:CE2 	>> 
17:HE2 	>> 
18:CZ 	>> 
19:OH 	>> 
20:HH 	>> 
21:C 	>> 29:O; 75:HO; 
22:O 	>> 26:HA1; 75:HO; 
23:N 	>> 31:H; 75:HO; 
24:H 	>> 29:O; 75:HO; 
25:CA 	>> 33:HA1; 75:HO; 
26:HA1 	>> 31:H; 75:HO; 
27:HA2 	>> 31:H; 75:HO; 
28:C 	>> 36:O; 75:HO; 
29:O 	>> 33:HA1; 75:HO; 
30:N 	>> 38:H; 75:HO; 
31:H 	>> 36:O; 75:HO; 
32:CA 	>> 40:HA; 75:HO; 
33:HA1 	>> 38:H; 75:HO; 
34:HA2 	>> 38:H; 75:HO; 
35:C 	>> 42:HB1; 54:HZ; 56:O; 75:HO; 
36:O 	>> 40:HA; 75:HO; 
37:N 	>> 45:CD1; 54:HZ; 58:H; 75:HO; 
38:H 	>> 42:HB1; 54:HZ; 56:O; 75:HO; 
39:CA 	>> 46:HD1; 48:HD2; 54:HZ; 60:HA; 75:HO; 
40:HA 	>> 45:CD1; 54:HZ; 58:H; 75:HO; 
41:CB 	>> 58:H; 75:HO; 
42:HB1 	>> 46:HD1; 48:HD2; 54:HZ; 56:O; 75:HO; 
43:HB2 	>> 46:HD1; 48:HD2; 54:HZ; 56:O; 75:HO; 
44:CG 	>> 56:O; 75:HO; 
45:CD1 	>> 
46:HD1 	>> 
47:CD2 	>> 
48:HD2 	>> 
49:CE1 	>> 
50:HE1 	>> 
51:CE2 	>> 
52:HE2 	>> 
53:CZ 	>> 
54:HZ 	>> 
55:C 	>> 62:HB1; 71:HE2; 73:O; 75:HO; 
56:O 	>> 60:HA; 75:HO; 
57:N 	>> 65:HG1; 71:HE2; 75:HO; 
58:H 	>> 62:HB1; 71:HE2; 73:O; 75:HO; 
59:CA 	>> 68:CE; 71:HE2; 
60:HA 	>> 65:HG1; 71:HE2; 75:HO; 
61:CB 	>> 69:HE1; 71:HE2; 75:HO; 
62:HB1 	>> 68:CE; 71:HE2; 73:O; 75:HO; 
63:HB2 	>> 68:CE; 71:HE2; 73:O; 75:HO; 
64:CG 	>> 73:O; 75:HO; 
65:HG1 	>> 69:HE1; 75:HO; 
66:HG2 	>> 69:HE1; 75:HO; 
67:SD 	>> 72:C; 75:HO; 
68:CE 	>> 72:C; 75:HO; 
69:HE1 	>> 72:C; 75:HO; 
70:HE3 	>> 72:C; 75:HO; 
71:HE2 	>> 72:C; 75:HO; 
72:C 	>> 
73:O 	>> 
74:O1 	>> 
75:HO 	>> 
