0:HN 	>> 1:N; 
1:N 	>> 0:HN; 2:H; 3:CA; 
2:H 	>> 1:N; 
3:CA 	>> 1:N; 4:HA; 5:CB; 9:C; 
4:HA 	>> 3:CA; 
5:CB 	>> 3:CA; 6:HB3; 7:HB1; 8:HB2; 
6:HB3 	>> 5:CB; 
7:HB1 	>> 5:CB; 
8:HB2 	>> 5:CB; 
9:C 	>> 3:CA; 10:O; 11:N; 
10:O 	>> 9:C; 
11:N 	>> 12:H; 13:CA; 
12:H 	>> 11:N; 
13:CA 	>> 11:N; 14:HA; 15:CB; 19:C; 
14:HA 	>> 13:CA; 
15:CB 	>> 13:CA; 16:HB3; 17:HB1; 18:HB2; 
16:HB3 	>> 15:CB; 
17:HB1 	>> 15:CB; 
18:HB2 	>> 15:CB; 
19:C 	>> 13:CA; 20:O; 21:N; 
20:O 	>> 19:C; 
21:N 	>> 22:H; 23:CA; 
22:H 	>> 21:N; 
23:CA 	>> 21:N; 24:HA; 25:CB; 29:C; 
24:HA 	>> 23:CA; 
25:CB 	>> 23:CA; 26:HB3; 27:HB1; 28:HB2; 
26:HB3 	>> 25:CB; 
27:HB1 	>> 25:CB; 
28:HB2 	>> 25:CB; 
29:C 	>> 23:CA; 30:O; 31:N; 
30:O 	>> 29:C; 
31:N 	>> 32:H; 33:CA; 
32:H 	>> 31:N; 
33:CA 	>> 31:N; 34:HA; 35:CB; 39:C; 
34:HA 	>> 33:CA; 
35:CB 	>> 33:CA; 36:HB3; 37:HB1; 38:HB2; 
36:HB3 	>> 35:CB; 
37:HB1 	>> 35:CB; 
38:HB2 	>> 35:CB; 
39:C 	>> 33:CA; 40:O; 41:N; 
40:O 	>> 39:C; 
41:N 	>> 42:H; 43:CA; 
42:H 	>> 41:N; 
43:CA 	>> 41:N; 44:HA; 45:CB; 49:C; 
44:HA 	>> 43:CA; 
45:CB 	>> 43:CA; 46:HB3; 47:HB1; 48:HB2; 
46:HB3 	>> 45:CB; 
47:HB1 	>> 45:CB; 
48:HB2 	>> 45:CB; 
49:C 	>> 43:CA; 50:O; 51:O1; 
50:O 	>> 49:C; 
51:O1 	>> 49:C; 52:HO; 
52:HO 	>> 51:O1; 
